<?xml version="1.0" encoding="UTF-8"?>
<!-- Generated by org.testng.reporters.JUnitXMLReporter -->
<testsuite hostname="ShivaleelaHMBP" ignored="0" name="Command line test" tests="4" failures="0" timestamp="12 Mar 2018 13:28:27 GMT" time="131.697" errors="0">
  <testcase name="verifyHomePageTitleTest" time="0.045" classname="com.samp.farrier.tests.HomePageTest"/>
  <testcase name="loginTest" time="20.553" classname="com.samp.farrier.tests.LoginPageTest"/>
  <testcase name="verifyStaffModuleTitleTest" time="0.039" classname="com.samp.farrier.tests.StaffPageTest"/>
  <testcase name="clickOnStaffLinkTest" time="7.797" classname="com.samp.farrier.tests.HomePageTest"/>
</testsuite> <!-- Command line test -->
