<?xml version="1.0" encoding="UTF-8"?>
<!-- Generated by org.testng.reporters.JUnitXMLReporter -->
<testsuite hostname="ShivaleelaHMBP" ignored="0" name="TRENDS Module Test" tests="3" failures="0" timestamp="12 Mar 2018 10:11:54 GMT" time="66.518" errors="0">
  <testcase name="loginTest" time="13.063" classname="com.samp.farrier.tests.LoginPageTest"/>
  <testcase name="verifyHomePageTitleTest" time="0.021" classname="com.samp.farrier.tests.HomePageTest"/>
  <testcase name="verifyStaffModuleTitleTest" time="0.017" classname="com.samp.farrier.tests.StaffPageTest"/>
</testsuite> <!-- TRENDS Module Test -->
