<?xml version="1.0" encoding="UTF-8"?>
<!-- Generated by org.testng.reporters.JUnitXMLReporter -->
<testsuite hostname="ShivaleelaHMBP" ignored="0" name="TRENDS Module Test" tests="11" failures="2" timestamp="15 Mar 2018 07:52:27 GMT" time="78.415" errors="0">
  <testcase name="test" time="0.03" classname="com.samp.farrier.tests.Test">
    <skipped/>
  </testcase> <!-- test -->
  <testcase name="test" time="0.14" classname="com.samp.farrier.tests.Test">
    <skipped/>
  </testcase> <!-- test -->
  <testcase name="test" time="0.023" classname="com.samp.farrier.tests.Test">
    <skipped/>
  </testcase> <!-- test -->
  <testcase name="test" time="0.042" classname="com.samp.farrier.tests.Test">
    <failure type="java.lang.AssertionError" message="expected [false] but found [true]">
      <![CDATA[java.lang.AssertionError: expected [false] but found [true]
at com.samp.farrier.tests.Test.test(Test.java:16)
... Removed 31 stack frames]]>
    </failure>
  </testcase> <!-- test -->
  <testcase name="test1" time="0.002" classname="com.samp.farrier.tests.Test">
    <skipped/>
  </testcase> <!-- test1 -->
  <testcase name="test1" time="0.008" classname="com.samp.farrier.tests.Test">
    <skipped/>
  </testcase> <!-- test1 -->
  <testcase name="test1" time="0.002" classname="com.samp.farrier.tests.Test">
    <skipped/>
  </testcase> <!-- test1 -->
  <testcase name="test1" time="0.001" classname="com.samp.farrier.tests.Test">
    <failure type="java.lang.AssertionError" message="expected [false] but found [true]">
      <![CDATA[java.lang.AssertionError: expected [false] but found [true]
at com.samp.farrier.tests.Test.test1(Test.java:31)
... Removed 31 stack frames]]>
    </failure>
  </testcase> <!-- test1 -->
  <testcase name="loginTest" time="14.125" classname="com.samp.farrier.tests.LoginPageTest"/>
  <testcase name="verifyHomePageTitleTest" time="0.082" classname="com.samp.farrier.tests.HomePageTest"/>
  <testcase name="verifyStaffModuleTitleTest" time="0.081" classname="com.samp.farrier.tests.StaffPageTest"/>
</testsuite> <!-- TRENDS Module Test -->
