<?xml version="1.0" encoding="UTF-8" ?>
<testsuite tests="4" failures="0" name="TestSuite" time="28.438" errors="0" skipped="0">
  <properties>
[...]
</properties>
  <testcase classname="com.samp.farrier.tests.HomePageTest" name="verifyHomePageTitleTest" time="0.047"/>
  <testcase classname="com.samp.farrier.tests.LoginPageTest" name="loginTest" time="20.553"/>
  <testcase classname="com.samp.farrier.tests.StaffPageTest" name="verifyStaffModuleTitleTest" time="0.038"/>
  <testcase classname="com.samp.farrier.tests.HomePageTest" name="clickOnStaffLinkTest" time="7.8"/>
</testsuite>